# This file contains a list of small texts used to greet a new user
# When you change this file or any file it referecens, restart the writed container.

# What is Bolixo
/usr/share/bolixo/greetings/intro.eng
/usr/share/bolixo/greetings/intro.fr
# Some UI tricks
/usr/share/bolixo/greetings/ui.eng
/usr/share/bolixo/greetings/ui.fr
# What is the Bolixo network
/usr/share/bolixo/greetings/network.eng
/usr/share/bolixo/greetings/network.fr
# Make yourself visible
/usr/share/bolixo/greetings/visible.eng
/usr/share/bolixo/greetings/visible.fr
# Subscribe to other people public page
/usr/share/bolixo/greetings/subscribe.eng
/usr/share/bolixo/greetings/subscribe.fr
# Enable your public page
/usr/share/bolixo/greetings/publish.eng
/usr/share/bolixo/greetings/publish.fr
# Establish contact
/usr/share/bolixo/greetings/contact.eng
/usr/share/bolixo/greetings/contact.fr

